Watching for file changes with StatReloader
C:\Users\gapli\Downloads\GB_Django\myproject\myapp\views.py changed, reloading.
Watching for file changes with StatReloader
Not Found: /
"GET / HTTP/1.1" 404 2169
"GET /prefix/ HTTP/1.1" 200 13
"GET /prefix/about HTTP/1.1" 301 0
"GET /prefix/about/ HTTP/1.1" 200 27
C:\Users\gapli\Downloads\GB_Django\myproject\myproject\settings.py changed, reloading.
Watching for file changes with StatReloader
Not Found: /
"GET / HTTP/1.1" 404 2169
Index page accessed
"GET /prefix/ HTTP/1.1" 200 13
Error in about page: division by zero
Traceback (most recent call last):
  File "C:\Users\gapli\Downloads\GB_Django\myproject\myapp\views.py", line 17, in about
    result = 1 / 0
             ~~^~~
ZeroDivisionError: division by zero
"GET /prefix/about/ HTTP/1.1" 200 27
C:\Users\gapli\Downloads\GB_Django\myproject\myproject\settings.py changed, reloading.
Watching for file changes with StatReloader
C:\Users\gapli\Downloads\GB_Django\myproject\myproject\settings.py changed, reloading.
Watching for file changes with StatReloader
C:\Users\gapli\Downloads\GB_Django\myproject\myproject\settings.py changed, reloading.
INFO 2023-08-29 18:22:45,746 autoreload 16412 14812 Watching for file changes with StatReloader
WARNING 2023-08-29 18:22:55,753 log 16412 8932 Not Found: /
WARNING 2023-08-29 18:22:55,754 basehttp 16412 8932 "GET / HTTP/1.1" 404 2169
INFO 2023-08-29 18:22:59,384 views 16412 8932 Index page accessed
INFO 2023-08-29 18:22:59,384 basehttp 16412 8932 "GET /prefix/ HTTP/1.1" 200 13
ERROR 2023-08-29 18:23:02,272 views 16412 8932 Error in about page: division by zero
Traceback (most recent call last):
  File "C:\Users\gapli\Downloads\GB_Django\myproject\myapp\views.py", line 17, in about
    result = 1 / 0
             ~~^~~
ZeroDivisionError: division by zero
INFO 2023-08-29 18:23:02,273 basehttp 16412 8932 "GET /prefix/about/ HTTP/1.1" 200 27
INFO 2023-08-29 18:26:20,568 autoreload 6772 6904 Watching for file changes with StatReloader
WARNING 2023-08-29 18:26:22,085 log 6772 18376 Not Found: /
WARNING 2023-08-29 18:26:22,085 basehttp 6772 18376 "GET / HTTP/1.1" 404 2169
INFO 2023-08-29 18:26:24,977 views 6772 18376 Index page accessed
INFO 2023-08-29 18:26:24,978 basehttp 6772 18376 "GET /prefix/ HTTP/1.1" 200 13
INFO 2023-08-29 18:26:25,460 views 6772 18376 Index page accessed
INFO 2023-08-29 18:26:25,461 basehttp 6772 18376 "GET /prefix/ HTTP/1.1" 200 13
INFO 2023-08-29 22:07:52,757 autoreload 6832 9652 Watching for file changes with StatReloader
INFO 2023-08-29 22:09:18,493 autoreload 1912 20424 Watching for file changes with StatReloader
INFO 2023-08-29 22:12:28,359 autoreload 11468 9400 Watching for file changes with StatReloader
INFO 2023-09-03 16:21:29,023 autoreload 2432 9448 Watching for file changes with StatReloader
WARNING 2023-09-03 16:21:30,473 log 2432 14124 Not Found: /
WARNING 2023-09-03 16:21:30,474 basehttp 2432 14124 "GET / HTTP/1.1" 404 2274
WARNING 2023-09-03 16:21:30,546 log 2432 14124 Not Found: /favicon.ico
WARNING 2023-09-03 16:21:30,547 basehttp 2432 14124 "GET /favicon.ico HTTP/1.1" 404 2325
WARNING 2023-09-03 16:21:36,604 log 2432 14124 Not Found: /lec3/
WARNING 2023-09-03 16:21:36,605 basehttp 2432 14124 "GET /lec3/ HTTP/1.1" 404 2548
INFO 2023-09-03 16:21:40,887 basehttp 2432 14124 "GET /lec3/hello2/ HTTP/1.1" 200 23
INFO 2023-09-03 16:21:44,309 basehttp 2432 14124 "GET /lec3/hello/ HTTP/1.1" 200 26
INFO 2023-09-04 10:14:14,514 autoreload 9080 10260 Watching for file changes with StatReloader
INFO 2023-09-04 16:00:21,617 autoreload 17360 12512 Watching for file changes with StatReloader
WARNING 2023-09-04 16:00:23,194 log 17360 2376 Not Found: /
WARNING 2023-09-04 16:00:23,194 basehttp 17360 2376 "GET / HTTP/1.1" 404 2274
INFO 2023-09-04 16:00:31,408 basehttp 17360 2376 "GET /lec3/ HTTP/1.1" 200 175
INFO 2023-09-04 16:00:38,067 basehttp 17360 2376 "GET /lec3/if HTTP/1.1" 301 0
INFO 2023-09-04 16:00:38,076 basehttp 17360 3524 "GET /lec3/if/ HTTP/1.1" 200 326
WARNING 2023-09-04 16:32:06,798 log 17360 7756 Not Found: /lec3/if/а
WARNING 2023-09-04 16:32:06,798 basehttp 17360 7756 "GET /lec3/if/%D0%B0 HTTP/1.1" 404 3541
INFO 2023-09-04 16:33:55,540 autoreload 17360 12512 C:\Users\gapli\Downloads\GB_Django\Lections\myproject\myapp3\urls.py changed, reloading.
INFO 2023-09-04 16:33:56,020 autoreload 19908 19948 Watching for file changes with StatReloader
WARNING 2023-09-04 16:36:45,343 log 19908 10128 Not Found: /lec3/if/а
WARNING 2023-09-04 16:36:45,343 basehttp 19908 10128 "GET /lec3/if/%D0%B0 HTTP/1.1" 404 3715
WARNING 2023-09-04 16:36:50,844 log 19908 10128 Not Found: /lec3/ for/
WARNING 2023-09-04 16:36:50,845 basehttp 19908 10128 "GET /lec3/%20for/ HTTP/1.1" 404 3713
INFO 2023-09-04 16:36:55,330 basehttp 19908 10128 "GET /lec3/for/ HTTP/1.1" 200 771
INFO 2023-09-04 16:37:14,995 basehttp 19908 10128 "GET /lec3/for/ HTTP/1.1" 200 859
INFO 2023-09-04 19:31:19,990 autoreload 10476 3692 Watching for file changes with StatReloader
WARNING 2023-09-04 19:31:22,038 log 10476 17992 Not Found: /
WARNING 2023-09-04 19:31:22,039 basehttp 10476 17992 "GET / HTTP/1.1" 404 2274
INFO 2023-09-04 19:31:28,756 basehttp 10476 17992 "GET /lec3/ HTTP/1.1" 200 175
INFO 2023-09-04 19:31:32,604 basehttp 10476 17992 "GET /lec3/index HTTP/1.1" 301 0
INFO 2023-09-04 19:31:32,610 basehttp 10476 1980 "GET /lec3/index/ HTTP/1.1" 200 248
INFO 2023-09-04 19:31:38,273 basehttp 10476 1980 "GET /lec3/about/ HTTP/1.1" 200 235
INFO 2023-09-04 19:31:54,994 basehttp 10476 1980 "GET /lec3/about/ HTTP/1.1" 200 295
INFO 2023-09-04 19:31:59,217 basehttp 10476 1980 "GET /lec3/ HTTP/1.1" 200 175
INFO 2023-09-04 19:32:01,016 basehttp 10476 1980 "GET /lec3/index/ HTTP/1.1" 200 308
INFO 2023-09-04 19:35:07,167 autoreload 10476 3692 C:\Users\gapli\Downloads\GB_Django\Lections\myproject\myproject\urls.py changed, reloading.
INFO 2023-09-04 19:35:07,663 autoreload 3672 9608 Watching for file changes with StatReloader
INFO 2023-09-04 19:37:21,639 autoreload 3672 9608 C:\Users\gapli\Downloads\GB_Django\Lections\myproject\myapp3\models.py changed, reloading.
INFO 2023-09-04 19:37:22,102 autoreload 8052 8024 Watching for file changes with StatReloader
INFO 2023-09-04 19:38:04,234 autoreload 8052 8024 C:\Users\gapli\Downloads\GB_Django\Lections\myproject\myapp3\models.py changed, reloading.
INFO 2023-09-04 19:38:04,737 autoreload 3688 17732 Watching for file changes with StatReloader
INFO 2023-09-04 20:12:19,679 autoreload 19776 8060 Watching for file changes with StatReloader
INFO 2023-09-04 20:12:22,244 basehttp 19776 14408 "GET / HTTP/1.1" 200 308
WARNING 2023-09-04 20:13:07,263 log 19776 14408 Not Found: /author/5
WARNING 2023-09-04 20:13:07,264 basehttp 19776 14408 "GET /author/5 HTTP/1.1" 404 2416
INFO 2023-09-04 20:13:39,774 basehttp 19776 14408 "GET /lec3/author/5 HTTP/1.1" 301 0
INFO 2023-09-04 20:13:39,785 basehttp 19776 11300 "GET /lec3/author/5/ HTTP/1.1" 200 1022
INFO 2023-09-04 20:13:42,978 basehttp 19776 11300 "GET /lec3/post/50/ HTTP/1.1" 200 329
INFO 2023-09-04 20:13:44,557 basehttp 19776 11300 "GET /lec3/post/46/ HTTP/1.1" 200 330
INFO 2023-09-04 20:13:48,461 basehttp 19776 11300 "GET /lec3/post/48/ HTTP/1.1" 200 303
INFO 2023-09-04 20:13:51,728 basehttp 19776 11300 "GET /lec3/post/48/ HTTP/1.1" 200 303
INFO 2023-09-04 20:13:55,330 basehttp 19776 11300 "GET /lec3/post/49/ HTTP/1.1" 200 319
INFO 2023-09-04 20:13:59,411 basehttp 19776 11300 "GET /lec3/post/50/ HTTP/1.1" 200 329
INFO 2023-09-04 20:14:04,017 basehttp 19776 11300 "GET /lec3/post/56/ HTTP/1.1" 200 328
WARNING 2023-09-04 20:14:09,842 log 19776 11300 Not Found: /lec3/post/101/
WARNING 2023-09-04 20:14:09,842 basehttp 19776 11300 "GET /lec3/post/101/ HTTP/1.1" 404 4622
INFO 2023-09-04 20:14:17,213 basehttp 19776 11300 "GET /lec3/author/10/ HTTP/1.1" 200 994
WARNING 2023-09-04 20:14:20,367 log 19776 11300 Not Found: /lec3/author/11/
WARNING 2023-09-04 20:14:20,368 basehttp 19776 11300 "GET /lec3/author/11/ HTTP/1.1" 404 4435
INFO 2023-09-08 11:57:33,256 autoreload 21736 21808 Watching for file changes with StatReloader
INFO 2023-09-08 11:57:34,436 basehttp 21736 11716 "GET / HTTP/1.1" 200 308
WARNING 2023-09-08 11:57:41,351 log 21736 11716 Not Found: /les4
WARNING 2023-09-08 11:57:41,352 basehttp 21736 11716 "GET /les4 HTTP/1.1" 404 2509
WARNING 2023-09-08 11:57:44,788 log 21736 11716 Not Found: /lec4
WARNING 2023-09-08 11:57:44,789 basehttp 21736 11716 "GET /lec4 HTTP/1.1" 404 2509
WARNING 2023-09-08 11:57:47,564 log 21736 11716 Not Found: /lec4/
WARNING 2023-09-08 11:57:47,565 basehttp 21736 11716 "GET /lec4/ HTTP/1.1" 404 2586
ERROR 2023-09-08 11:57:52,646 log 21736 11716 Internal Server Error: /lec4/user/add/
Traceback (most recent call last):
  File "C:\Users\gapli\Downloads\GB_Django\venv\Lib\site-packages\django\core\handlers\exception.py", line 55, in inner
    response = get_response(request)
               ^^^^^^^^^^^^^^^^^^^^^
  File "C:\Users\gapli\Downloads\GB_Django\venv\Lib\site-packages\django\core\handlers\base.py", line 197, in _get_response
    response = wrapped_callback(request, *callback_args, **callback_kwargs)
               ^^^^^^^^^^^^^^^^^^^^^^^^^^^^^^^^^^^^^^^^^^^^^^^^^^^^^^^^^^^^
  File "C:\Users\gapli\Downloads\GB_Django\Lections\myproject\myapp4\views.py", line 21, in user_form
    return render(request, 'myapp/user_form.html', {'form': form})
           ^^^^^^^^^^^^^^^^^^^^^^^^^^^^^^^^^^^^^^^^^^^^^^^^^^^^^^^
  File "C:\Users\gapli\Downloads\GB_Django\venv\Lib\site-packages\django\shortcuts.py", line 24, in render
    content = loader.render_to_string(template_name, context, request, using=using)
              ^^^^^^^^^^^^^^^^^^^^^^^^^^^^^^^^^^^^^^^^^^^^^^^^^^^^^^^^^^^^^^^^^^^^^
  File "C:\Users\gapli\Downloads\GB_Django\venv\Lib\site-packages\django\template\loader.py", line 61, in render_to_string
    template = get_template(template_name, using=using)
               ^^^^^^^^^^^^^^^^^^^^^^^^^^^^^^^^^^^^^^^^
  File "C:\Users\gapli\Downloads\GB_Django\venv\Lib\site-packages\django\template\loader.py", line 19, in get_template
    raise TemplateDoesNotExist(template_name, chain=chain)
django.template.exceptions.TemplateDoesNotExist: myapp/user_form.html
ERROR 2023-09-08 11:57:52,648 basehttp 21736 11716 "GET /lec4/user/add/ HTTP/1.1" 500 80876
INFO 2023-09-08 11:58:19,759 autoreload 21736 21808 C:\Users\gapli\Downloads\GB_Django\Lections\myproject\myapp4\views.py changed, reloading.
INFO 2023-09-08 11:58:20,305 autoreload 21120 6844 Watching for file changes with StatReloader
ERROR 2023-09-08 11:59:57,238 log 21120 8512 Internal Server Error: /lec4/user/add/
Traceback (most recent call last):
  File "C:\Users\gapli\Downloads\GB_Django\venv\Lib\site-packages\django\core\handlers\exception.py", line 55, in inner
    response = get_response(request)
               ^^^^^^^^^^^^^^^^^^^^^
  File "C:\Users\gapli\Downloads\GB_Django\venv\Lib\site-packages\django\core\handlers\base.py", line 197, in _get_response
    response = wrapped_callback(request, *callback_args, **callback_kwargs)
               ^^^^^^^^^^^^^^^^^^^^^^^^^^^^^^^^^^^^^^^^^^^^^^^^^^^^^^^^^^^^
  File "C:\Users\gapli\Downloads\GB_Django\Lections\myproject\myapp4\views.py", line 21, in user_form
    return render(request, 'myapp4/user_form.html', {'form': form})
           ^^^^^^^^^^^^^^^^^^^^^^^^^^^^^^^^^^^^^^^^^^^^^^^^^^^^^^^^
  File "C:\Users\gapli\Downloads\GB_Django\venv\Lib\site-packages\django\shortcuts.py", line 24, in render
    content = loader.render_to_string(template_name, context, request, using=using)
              ^^^^^^^^^^^^^^^^^^^^^^^^^^^^^^^^^^^^^^^^^^^^^^^^^^^^^^^^^^^^^^^^^^^^^
  File "C:\Users\gapli\Downloads\GB_Django\venv\Lib\site-packages\django\template\loader.py", line 61, in render_to_string
    template = get_template(template_name, using=using)
               ^^^^^^^^^^^^^^^^^^^^^^^^^^^^^^^^^^^^^^^^
  File "C:\Users\gapli\Downloads\GB_Django\venv\Lib\site-packages\django\template\loader.py", line 15, in get_template
    return engine.get_template(template_name)
           ^^^^^^^^^^^^^^^^^^^^^^^^^^^^^^^^^^
  File "C:\Users\gapli\Downloads\GB_Django\venv\Lib\site-packages\django\template\backends\django.py", line 33, in get_template
    return Template(self.engine.get_template(template_name), self)
                    ^^^^^^^^^^^^^^^^^^^^^^^^^^^^^^^^^^^^^^^
  File "C:\Users\gapli\Downloads\GB_Django\venv\Lib\site-packages\django\template\engine.py", line 175, in get_template
    template, origin = self.find_template(template_name)
                       ^^^^^^^^^^^^^^^^^^^^^^^^^^^^^^^^^
  File "C:\Users\gapli\Downloads\GB_Django\venv\Lib\site-packages\django\template\engine.py", line 157, in find_template
    template = loader.get_template(name, skip=skip)
               ^^^^^^^^^^^^^^^^^^^^^^^^^^^^^^^^^^^^
  File "C:\Users\gapli\Downloads\GB_Django\venv\Lib\site-packages\django\template\loaders\cached.py", line 57, in get_template
    template = super().get_template(template_name, skip)
               ^^^^^^^^^^^^^^^^^^^^^^^^^^^^^^^^^^^^^^^^^
  File "C:\Users\gapli\Downloads\GB_Django\venv\Lib\site-packages\django\template\loaders\base.py", line 28, in get_template
    return Template(
           ^^^^^^^^^
  File "C:\Users\gapli\Downloads\GB_Django\venv\Lib\site-packages\django\template\base.py", line 154, in __init__
    self.nodelist = self.compile_nodelist()
                    ^^^^^^^^^^^^^^^^^^^^^^^
  File "C:\Users\gapli\Downloads\GB_Django\venv\Lib\site-packages\django\template\base.py", line 200, in compile_nodelist
    return parser.parse()
           ^^^^^^^^^^^^^^
  File "C:\Users\gapli\Downloads\GB_Django\venv\Lib\site-packages\django\template\base.py", line 513, in parse
    raise self.error(token, e)
  File "C:\Users\gapli\Downloads\GB_Django\venv\Lib\site-packages\django\template\base.py", line 511, in parse
    compiled_result = compile_func(self, token)
                      ^^^^^^^^^^^^^^^^^^^^^^^^^
  File "C:\Users\gapli\Downloads\GB_Django\venv\Lib\site-packages\django\template\loader_tags.py", line 292, in do_extends
    parent_name = parser.compile_filter(bits[1])
                  ^^^^^^^^^^^^^^^^^^^^^^^^^^^^^^
  File "C:\Users\gapli\Downloads\GB_Django\venv\Lib\site-packages\django\template\base.py", line 600, in compile_filter
    return FilterExpression(token, self)
           ^^^^^^^^^^^^^^^^^^^^^^^^^^^^^
  File "C:\Users\gapli\Downloads\GB_Django\venv\Lib\site-packages\django\template\base.py", line 703, in __init__
    raise TemplateSyntaxError(
django.template.exceptions.TemplateSyntaxError: Could not parse the remainder: ''base.html' from ''base.html'
ERROR 2023-09-08 11:59:57,241 basehttp 21120 8512 "GET /lec4/user/add/ HTTP/1.1" 500 140286
INFO 2023-09-08 12:00:43,484 basehttp 21120 8512 "GET /lec4/user/add/ HTTP/1.1" 200 750
INFO 2023-09-08 12:06:19,175 autoreload 17760 6988 Watching for file changes with StatReloader
INFO 2023-09-08 12:06:19,827 basehttp 17760 21808 "GET / HTTP/1.1" 200 308
ERROR 2023-09-08 12:06:28,634 log 17760 21808 Internal Server Error: /lec4/user/add/
Traceback (most recent call last):
  File "C:\Users\gapli\Downloads\GB_Django\venv\Lib\site-packages\django\template\base.py", line 505, in parse
    compile_func = self.tags[command]
                   ~~~~~~~~~^^^^^^^^^
KeyError: 'csrf_loken'

During handling of the above exception, another exception occurred:

Traceback (most recent call last):
  File "C:\Users\gapli\Downloads\GB_Django\venv\Lib\site-packages\django\core\handlers\exception.py", line 55, in inner
    response = get_response(request)
               ^^^^^^^^^^^^^^^^^^^^^
  File "C:\Users\gapli\Downloads\GB_Django\venv\Lib\site-packages\django\core\handlers\base.py", line 197, in _get_response
    response = wrapped_callback(request, *callback_args, **callback_kwargs)
               ^^^^^^^^^^^^^^^^^^^^^^^^^^^^^^^^^^^^^^^^^^^^^^^^^^^^^^^^^^^^
  File "C:\Users\gapli\Downloads\GB_Django\Lections\myproject\myapp4\views.py", line 21, in user_form
    return render(request, 'myapp4/user_form.html', {'form': form})
           ^^^^^^^^^^^^^^^^^^^^^^^^^^^^^^^^^^^^^^^^^^^^^^^^^^^^^^^^
  File "C:\Users\gapli\Downloads\GB_Django\venv\Lib\site-packages\django\shortcuts.py", line 24, in render
    content = loader.render_to_string(template_name, context, request, using=using)
              ^^^^^^^^^^^^^^^^^^^^^^^^^^^^^^^^^^^^^^^^^^^^^^^^^^^^^^^^^^^^^^^^^^^^^
  File "C:\Users\gapli\Downloads\GB_Django\venv\Lib\site-packages\django\template\loader.py", line 61, in render_to_string
    template = get_template(template_name, using=using)
               ^^^^^^^^^^^^^^^^^^^^^^^^^^^^^^^^^^^^^^^^
  File "C:\Users\gapli\Downloads\GB_Django\venv\Lib\site-packages\django\template\loader.py", line 15, in get_template
    return engine.get_template(template_name)
           ^^^^^^^^^^^^^^^^^^^^^^^^^^^^^^^^^^
  File "C:\Users\gapli\Downloads\GB_Django\venv\Lib\site-packages\django\template\backends\django.py", line 33, in get_template
    return Template(self.engine.get_template(template_name), self)
                    ^^^^^^^^^^^^^^^^^^^^^^^^^^^^^^^^^^^^^^^
  File "C:\Users\gapli\Downloads\GB_Django\venv\Lib\site-packages\django\template\engine.py", line 175, in get_template
    template, origin = self.find_template(template_name)
                       ^^^^^^^^^^^^^^^^^^^^^^^^^^^^^^^^^
  File "C:\Users\gapli\Downloads\GB_Django\venv\Lib\site-packages\django\template\engine.py", line 157, in find_template
    template = loader.get_template(name, skip=skip)
               ^^^^^^^^^^^^^^^^^^^^^^^^^^^^^^^^^^^^
  File "C:\Users\gapli\Downloads\GB_Django\venv\Lib\site-packages\django\template\loaders\cached.py", line 57, in get_template
    template = super().get_template(template_name, skip)
               ^^^^^^^^^^^^^^^^^^^^^^^^^^^^^^^^^^^^^^^^^
  File "C:\Users\gapli\Downloads\GB_Django\venv\Lib\site-packages\django\template\loaders\base.py", line 28, in get_template
    return Template(
           ^^^^^^^^^
  File "C:\Users\gapli\Downloads\GB_Django\venv\Lib\site-packages\django\template\base.py", line 154, in __init__
    self.nodelist = self.compile_nodelist()
                    ^^^^^^^^^^^^^^^^^^^^^^^
  File "C:\Users\gapli\Downloads\GB_Django\venv\Lib\site-packages\django\template\base.py", line 200, in compile_nodelist
    return parser.parse()
           ^^^^^^^^^^^^^^
  File "C:\Users\gapli\Downloads\GB_Django\venv\Lib\site-packages\django\template\base.py", line 513, in parse
    raise self.error(token, e)
  File "C:\Users\gapli\Downloads\GB_Django\venv\Lib\site-packages\django\template\base.py", line 511, in parse
    compiled_result = compile_func(self, token)
                      ^^^^^^^^^^^^^^^^^^^^^^^^^
  File "C:\Users\gapli\Downloads\GB_Django\venv\Lib\site-packages\django\template\loader_tags.py", line 293, in do_extends
    nodelist = parser.parse()
               ^^^^^^^^^^^^^^
  File "C:\Users\gapli\Downloads\GB_Django\venv\Lib\site-packages\django\template\base.py", line 513, in parse
    raise self.error(token, e)
  File "C:\Users\gapli\Downloads\GB_Django\venv\Lib\site-packages\django\template\base.py", line 511, in parse
    compiled_result = compile_func(self, token)
                      ^^^^^^^^^^^^^^^^^^^^^^^^^
  File "C:\Users\gapli\Downloads\GB_Django\venv\Lib\site-packages\django\template\loader_tags.py", line 232, in do_block
    nodelist = parser.parse(("endblock",))
               ^^^^^^^^^^^^^^^^^^^^^^^^^^^
  File "C:\Users\gapli\Downloads\GB_Django\venv\Lib\site-packages\django\template\base.py", line 507, in parse
    self.invalid_block_tag(token, command, parse_until)
  File "C:\Users\gapli\Downloads\GB_Django\venv\Lib\site-packages\django\template\base.py", line 558, in invalid_block_tag
    raise self.error(
django.template.exceptions.TemplateSyntaxError: Invalid block tag on line 5: 'csrf_loken', expected 'endblock'. Did you forget to register or load this tag?
ERROR 2023-09-08 12:06:28,638 basehttp 17760 21808 "GET /lec4/user/add/ HTTP/1.1" 500 162099
ERROR 2023-09-08 12:11:30,040 log 17760 16348 Internal Server Error: /lec4/user/add/
Traceback (most recent call last):
  File "C:\Users\gapli\Downloads\GB_Django\venv\Lib\site-packages\django\template\base.py", line 505, in parse
    compile_func = self.tags[command]
                   ~~~~~~~~~^^^^^^^^^
KeyError: 'csrf_loken'

During handling of the above exception, another exception occurred:

Traceback (most recent call last):
  File "C:\Users\gapli\Downloads\GB_Django\venv\Lib\site-packages\django\core\handlers\exception.py", line 55, in inner
    response = get_response(request)
               ^^^^^^^^^^^^^^^^^^^^^
  File "C:\Users\gapli\Downloads\GB_Django\venv\Lib\site-packages\django\core\handlers\base.py", line 197, in _get_response
    response = wrapped_callback(request, *callback_args, **callback_kwargs)
               ^^^^^^^^^^^^^^^^^^^^^^^^^^^^^^^^^^^^^^^^^^^^^^^^^^^^^^^^^^^^
  File "C:\Users\gapli\Downloads\GB_Django\Lections\myproject\myapp4\views.py", line 21, in user_form
    return render(request, 'myapp4/user_form.html', {'form': form})
           ^^^^^^^^^^^^^^^^^^^^^^^^^^^^^^^^^^^^^^^^^^^^^^^^^^^^^^^^
  File "C:\Users\gapli\Downloads\GB_Django\venv\Lib\site-packages\django\shortcuts.py", line 24, in render
    content = loader.render_to_string(template_name, context, request, using=using)
              ^^^^^^^^^^^^^^^^^^^^^^^^^^^^^^^^^^^^^^^^^^^^^^^^^^^^^^^^^^^^^^^^^^^^^
  File "C:\Users\gapli\Downloads\GB_Django\venv\Lib\site-packages\django\template\loader.py", line 61, in render_to_string
    template = get_template(template_name, using=using)
               ^^^^^^^^^^^^^^^^^^^^^^^^^^^^^^^^^^^^^^^^
  File "C:\Users\gapli\Downloads\GB_Django\venv\Lib\site-packages\django\template\loader.py", line 15, in get_template
    return engine.get_template(template_name)
           ^^^^^^^^^^^^^^^^^^^^^^^^^^^^^^^^^^
  File "C:\Users\gapli\Downloads\GB_Django\venv\Lib\site-packages\django\template\backends\django.py", line 33, in get_template
    return Template(self.engine.get_template(template_name), self)
                    ^^^^^^^^^^^^^^^^^^^^^^^^^^^^^^^^^^^^^^^
  File "C:\Users\gapli\Downloads\GB_Django\venv\Lib\site-packages\django\template\engine.py", line 175, in get_template
    template, origin = self.find_template(template_name)
                       ^^^^^^^^^^^^^^^^^^^^^^^^^^^^^^^^^
  File "C:\Users\gapli\Downloads\GB_Django\venv\Lib\site-packages\django\template\engine.py", line 157, in find_template
    template = loader.get_template(name, skip=skip)
               ^^^^^^^^^^^^^^^^^^^^^^^^^^^^^^^^^^^^
  File "C:\Users\gapli\Downloads\GB_Django\venv\Lib\site-packages\django\template\loaders\cached.py", line 57, in get_template
    template = super().get_template(template_name, skip)
               ^^^^^^^^^^^^^^^^^^^^^^^^^^^^^^^^^^^^^^^^^
  File "C:\Users\gapli\Downloads\GB_Django\venv\Lib\site-packages\django\template\loaders\base.py", line 28, in get_template
    return Template(
           ^^^^^^^^^
  File "C:\Users\gapli\Downloads\GB_Django\venv\Lib\site-packages\django\template\base.py", line 154, in __init__
    self.nodelist = self.compile_nodelist()
                    ^^^^^^^^^^^^^^^^^^^^^^^
  File "C:\Users\gapli\Downloads\GB_Django\venv\Lib\site-packages\django\template\base.py", line 200, in compile_nodelist
    return parser.parse()
           ^^^^^^^^^^^^^^
  File "C:\Users\gapli\Downloads\GB_Django\venv\Lib\site-packages\django\template\base.py", line 513, in parse
    raise self.error(token, e)
  File "C:\Users\gapli\Downloads\GB_Django\venv\Lib\site-packages\django\template\base.py", line 511, in parse
    compiled_result = compile_func(self, token)
                      ^^^^^^^^^^^^^^^^^^^^^^^^^
  File "C:\Users\gapli\Downloads\GB_Django\venv\Lib\site-packages\django\template\loader_tags.py", line 293, in do_extends
    nodelist = parser.parse()
               ^^^^^^^^^^^^^^
  File "C:\Users\gapli\Downloads\GB_Django\venv\Lib\site-packages\django\template\base.py", line 513, in parse
    raise self.error(token, e)
  File "C:\Users\gapli\Downloads\GB_Django\venv\Lib\site-packages\django\template\base.py", line 511, in parse
    compiled_result = compile_func(self, token)
                      ^^^^^^^^^^^^^^^^^^^^^^^^^
  File "C:\Users\gapli\Downloads\GB_Django\venv\Lib\site-packages\django\template\loader_tags.py", line 232, in do_block
    nodelist = parser.parse(("endblock",))
               ^^^^^^^^^^^^^^^^^^^^^^^^^^^
  File "C:\Users\gapli\Downloads\GB_Django\venv\Lib\site-packages\django\template\base.py", line 507, in parse
    self.invalid_block_tag(token, command, parse_until)
  File "C:\Users\gapli\Downloads\GB_Django\venv\Lib\site-packages\django\template\base.py", line 558, in invalid_block_tag
    raise self.error(
django.template.exceptions.TemplateSyntaxError: Invalid block tag on line 5: 'csrf_loken', expected 'endblock'. Did you forget to register or load this tag?
ERROR 2023-09-08 12:11:30,043 basehttp 17760 16348 "GET /lec4/user/add/ HTTP/1.1" 500 162236
INFO 2023-09-08 12:11:43,527 basehttp 17760 16348 "GET /lec4/user/add/ HTTP/1.1" 200 968
INFO 2023-09-08 12:12:14,411 basehttp 17760 16348 "GET /lec4/user/add/ HTTP/1.1" 200 968
INFO 2023-09-08 12:12:15,846 basehttp 17760 16348 "GET /lec4/user/add/ HTTP/1.1" 200 968
INFO 2023-09-08 12:12:16,538 basehttp 17760 16348 "GET /lec4/user/add/ HTTP/1.1" 200 968
INFO 2023-09-08 12:12:17,651 basehttp 17760 16348 "GET /lec4/user/add/ HTTP/1.1" 200 968
INFO 2023-09-08 12:13:12,003 basehttp 17760 16348 "POST /lec4/user/add/ HTTP/1.1" 200 1013
INFO 2023-09-08 12:15:01,039 autoreload 17760 6988 C:\Users\gapli\Downloads\GB_Django\Lections\myproject\myproject\settings.py changed, reloading.
INFO 2023-09-08 12:15:01,481 autoreload 4724 7164 Watching for file changes with StatReloader
INFO 2023-09-08 12:15:04,430 views 4724 16276 Получили name='Name', email='Mail@mail.ru', age=17.
INFO 2023-09-08 12:15:04,440 basehttp 4724 16276 "POST /lec4/user/add/ HTTP/1.1" 200 1013
INFO 2023-09-08 12:44:06,591 autoreload 19648 19484 Watching for file changes with StatReloader
INFO 2023-09-08 12:44:07,465 basehttp 19648 20640 "GET / HTTP/1.1" 200 308
INFO 2023-09-08 12:44:18,477 basehttp 19648 20640 "GET /lec4/forms HTTP/1.1" 301 0
INFO 2023-09-08 12:44:18,512 basehttp 19648 11188 "GET /lec4/forms/ HTTP/1.1" 200 1511
INFO 2023-09-08 12:45:03,290 views 19648 11188 Получили form.cleaned_data={'name': 'Ilya', 'email': 'ilya@mail.ru', 'age': 25, 'height': 25.4, 'is_active': True, 'birthdate': datetime.date(2023, 9, 6), 'gender': 'M'}.
INFO 2023-09-08 12:45:03,293 basehttp 19648 11188 "POST /lec4/forms/ HTTP/1.1" 200 1586
INFO 2023-09-08 13:55:42,409 autoreload 5620 9076 Watching for file changes with StatReloader
INFO 2023-09-08 13:56:26,363 autoreload 21532 20184 Watching for file changes with StatReloader
INFO 2023-09-08 13:56:27,613 basehttp 21532 17556 "GET / HTTP/1.1" 200 308
INFO 2023-09-08 13:56:34,967 basehttp 21532 17556 "GET /lec4/forms HTTP/1.1" 301 0
INFO 2023-09-08 13:56:35,005 basehttp 21532 15836 "GET /lec4/forms/ HTTP/1.1" 200 2132
INFO 2023-09-08 14:00:47,491 views 21532 15836 Получили form.cleaned_data={'name': 'Ilya', 'email': 'ilya@mail.ru', 'age': 19, 'height': 25.6, 'is_active': True, 'birthdate': datetime.date(2023, 9, 8), 'gender': 'M', 'message': 'fdfsx'}.
INFO 2023-09-08 14:00:47,497 basehttp 21532 15836 "POST /lec4/forms/ HTTP/1.1" 200 2211
INFO 2023-09-08 14:04:48,073 autoreload 21532 20184 C:\Users\gapli\Downloads\GB_Django\Lections\myproject\myapp4\forms.py changed, reloading.
INFO 2023-09-08 14:04:48,670 autoreload 13316 10464 Watching for file changes with StatReloader
INFO 2023-09-08 14:05:14,390 views 13316 10856 Получили form.cleaned_data={'name': 'Ilya', 'email': 'ilya@mail.ru', 'age': 19, 'height': 25.6, 'is_active': True, 'birthdate': datetime.date(2023, 9, 8), 'gender': 'M', 'message': 'fdfsx'}.
INFO 2023-09-08 14:05:14,406 basehttp 13316 10856 "POST /lec4/forms/ HTTP/1.1" 200 2211
INFO 2023-09-08 14:17:19,597 autoreload 13316 10464 C:\Users\gapli\Downloads\GB_Django\Lections\myproject\myapp4\forms.py changed, reloading.
INFO 2023-09-08 14:17:20,096 autoreload 16056 6660 Watching for file changes with StatReloader
INFO 2023-09-08 14:38:13,794 autoreload 16056 6660 C:\Users\gapli\Downloads\GB_Django\Lections\myproject\myapp4\models.py changed, reloading.
INFO 2023-09-08 14:38:14,257 autoreload 3068 21664 Watching for file changes with StatReloader
INFO 2023-09-08 14:41:31,821 autoreload 3068 21664 C:\Users\gapli\Downloads\GB_Django\Lections\myproject\myapp4\models.py changed, reloading.
INFO 2023-09-08 14:41:32,323 autoreload 7516 12816 Watching for file changes with StatReloader
INFO 2023-09-08 14:55:19,728 autoreload 9952 9160 Watching for file changes with StatReloader
INFO 2023-09-08 14:55:25,839 views 9952 13512 Получили form.cleaned_data={'name': 'Ilya', 'email': 'ilya@mail.ru', 'age': 19, 'height': 25.6, 'is_active': True, 'birthdate': datetime.date(2023, 9, 8), 'gender': 'M', 'message': 'fdfsx'}.
INFO 2023-09-08 14:55:25,853 basehttp 9952 13512 "POST /lec4/forms/ HTTP/1.1" 200 2211
INFO 2023-09-08 14:55:31,444 basehttp 9952 13512 "GET /lec4/user HTTP/1.1" 301 0
INFO 2023-09-08 14:55:31,454 basehttp 9952 6660 "GET /lec4/user/ HTTP/1.1" 200 1007
INFO 2023-09-08 14:55:52,884 basehttp 9952 6660 "GET /lec4/user/ HTTP/1.1" 200 946
INFO 2023-09-08 14:57:18,379 basehttp 9952 6660 "POST /lec4/user/ HTTP/1.1" 200 1195
INFO 2023-09-08 14:57:46,492 views 9952 6660 Получили name='Ilya' email='gaplis@corp.mail.ru' age=14.
INFO 2023-09-08 14:57:46,499 basehttp 9952 6660 "POST /lec4/user/ HTTP/1.1" 200 1010
INFO 2023-09-08 15:02:33,613 autoreload 9952 9160 C:\Users\gapli\Downloads\GB_Django\Lections\myproject\myapp4\forms.py changed, reloading.
INFO 2023-09-08 15:02:34,161 autoreload 2240 13480 Watching for file changes with StatReloader
INFO 2023-09-08 15:10:45,887 autoreload 2240 13480 C:\Users\gapli\Downloads\GB_Django\Lections\myproject\myproject\settings.py changed, reloading.
INFO 2023-09-08 15:10:46,461 autoreload 8204 7164 Watching for file changes with StatReloader
INFO 2023-09-08 15:13:13,985 autoreload 8204 7164 C:\Users\gapli\Downloads\GB_Django\Lections\myproject\myapp4\views.py changed, reloading.
INFO 2023-09-08 15:13:14,420 autoreload 13540 15332 Watching for file changes with StatReloader
INFO 2023-09-08 15:20:15,795 autoreload 13540 15332 C:\Users\gapli\Downloads\GB_Django\Lections\myproject\myapp4\urls.py changed, reloading.
INFO 2023-09-08 15:20:16,413 autoreload 19644 22052 Watching for file changes with StatReloader
INFO 2023-09-08 15:22:26,995 basehttp 19644 21864 "GET /lec4/upload HTTP/1.1" 301 0
INFO 2023-09-08 15:22:27,013 basehttp 19644 15836 "GET /lec4/upload/ HTTP/1.1" 200 634
INFO 2023-09-08 15:23:00,762 basehttp 19644 15836 "POST /lec4/upload/ HTTP/1.1" 200 634
INFO 2023-09-08 15:24:03,495 basehttp 19644 15836 "POST /lec4/upload/ HTTP/1.1" 200 634
INFO 2023-09-08 15:24:22,065 basehttp 19644 15836 "POST /lec4/upload/ HTTP/1.1" 200 634
INFO 2023-09-08 15:24:34,762 autoreload 19644 22052 C:\Users\gapli\Downloads\GB_Django\Lections\myproject\myproject\settings.py changed, reloading.
INFO 2023-09-08 15:24:35,258 autoreload 17912 7512 Watching for file changes with StatReloader
INFO 2023-09-08 15:24:37,692 basehttp 17912 20544 "POST /lec4/upload/ HTTP/1.1" 200 634
